[uruom][INFO][23-03-31][com.view.LoginView]Test
[uruom][INFO][23-03-31][com.service.impl.AdminServiceImpl]
[uruom][INFO][23-03-31][com.service.impl.AdminServiceImpl]
[uruom][INFO][23-03-31][com.service.impl.AdminServiceImpl]1
[uruom][INFO][23-03-31][com.service.impl.AdminServiceImpl]
[uruom][INFO][23-03-31][com.service.impl.AdminServiceImpl]0,0
[uruom][INFO][23-03-31][com.service.impl.AdminServiceImpl]2,3
[uruom][INFO][23-03-31][com.service.impl.AdminServiceImpl]11,13
[uruom][INFO][23-03-31][com.service.impl.AdminServiceImpl]17,13
[uruom][INFO][23-03-31][com.service.impl.AdminServiceImpl]19,19
[uruom][INFO][23-03-31][com.service.impl.AdminServiceImpl]row=0col=0
[uruom][INFO][23-03-31][com.service.impl.AdminServiceImpl]row=2col=1
[uruom][INFO][23-03-31][com.service.impl.AdminServiceImpl]row=7col=12
[uruom][INFO][23-03-31][com.service.impl.AdminServiceImpl]row=13col=2
[uruom][INFO][23-03-31][com.service.impl.AdminServiceImpl]row=14col=13
[uruom][INFO][23-03-31][com.service.impl.AdminServiceImpl]row=19col=19
[uruom][INFO][23-03-31][com.service.impl.AdminServiceImpl]row=0col=0
[uruom][INFO][23-03-31][com.service.impl.AdminServiceImpl]row=0col=0
[uruom][INFO][23-03-31][com.service.impl.AdminServiceImpl]row=0col=0
[uruom][INFO][23-03-31][com.service.impl.AdminServiceImpl]row=0col=0
[uruom][INFO][23-03-31][com.service.impl.AdminServiceImpl]row=1col=5
[uruom][INFO][23-03-31][com.service.impl.AdminServiceImpl]row=8col=14
[uruom][INFO][23-03-31][com.service.impl.AdminServiceImpl]row=7col=13
[uruom][INFO][23-03-31][com.service.impl.AdminServiceImpl]row=6col=12
[uruom][INFO][23-03-31][com.service.impl.AdminServiceImpl]row=5col=11
[uruom][INFO][23-03-31][com.service.impl.AdminServiceImpl]row=4col=10
[uruom][INFO][23-03-31][com.service.impl.AdminServiceImpl]row=5col=9
[uruom][INFO][23-03-31][com.service.impl.AdminServiceImpl]row=6col=10
[uruom][INFO][23-03-31][com.service.impl.AdminServiceImpl]row=5col=11
[uruom][INFO][23-03-31][com.service.impl.AdminServiceImpl]row=5col=12
[uruom][INFO][23-03-31][com.service.impl.AdminServiceImpl]row=19col=19
[uruom][INFO][23-03-31][com.service.impl.AdminServiceImpl]row=19col=6
[uruom][INFO][23-03-31][com.service.impl.AdminServiceImpl]row=11col=4
[uruom][INFO][23-03-31][com.service.impl.AdminServiceImpl]row=10col=9
[uruom][INFO][23-03-31][com.service.impl.AdminServiceImpl]row=0col=4
[uruom][INFO][23-03-31][com.service.impl.AdminServiceImpl]row=1col=5
[uruom][INFO][23-03-31][com.service.impl.AdminServiceImpl]row=2col=6
[uruom][INFO][23-03-31][com.service.impl.AdminServiceImpl]row=3col=5
[uruom][INFO][23-03-31][com.service.impl.AdminServiceImpl]row=4col=7
[uruom][INFO][23-03-31][com.service.impl.AdminServiceImpl]row=5col=6
[uruom][INFO][23-03-31][com.service.impl.AdminServiceImpl]row=6col=8
[uruom][INFO][23-03-31][com.service.impl.AdminServiceImpl]row=7col=5
[uruom][INFO][23-03-31][com.service.impl.AdminServiceImpl]row=4col=10
[uruom][INFO][23-03-31][com.service.impl.AdminServiceImpl]row=5col=9
[uruom][INFO][23-03-31][com.service.impl.AdminServiceImpl]row=6col=9
[uruom][INFO][23-03-31][com.service.impl.AdminServiceImpl]row=6col=10
[uruom][INFO][23-03-31][com.service.impl.AdminServiceImpl]row=7col=8
[uruom][INFO][23-03-31][com.service.impl.AdminServiceImpl]row=8col=7
[uruom][INFO][23-03-31][com.service.impl.AdminServiceImpl]row=5col=10
[uruom][INFO][23-03-31][com.service.impl.AdminServiceImpl]row=3col=10
[uruom][INFO][23-03-31][com.service.impl.AdminServiceImpl]row=4col=9
[uruom][INFO][23-03-31][com.service.impl.AdminServiceImpl]row=3col=8
[uruom][INFO][23-03-31][com.service.impl.AdminServiceImpl]row=4col=8
[uruom][INFO][23-03-31][com.service.impl.AdminServiceImpl]row=4col=7
[uruom][INFO][23-03-31][com.service.impl.AdminServiceImpl]row=5col=6
[uruom][INFO][23-03-31][com.service.impl.AdminServiceImpl]row=6col=7
[uruom][INFO][23-03-31][com.service.impl.AdminServiceImpl]row=7col=7
[uruom][INFO][23-03-31][com.service.impl.AdminServiceImpl]row=3col=7
[uruom][INFO][23-03-31][com.service.impl.AdminServiceImpl]row=3col=9
[uruom][INFO][23-03-31][com.service.impl.AdminServiceImpl]row=2col=7
[uruom][INFO][23-03-31][com.service.impl.AdminServiceImpl]row=5col=7
[uruom][INFO][23-03-31][com.service.impl.AdminServiceImpl]row=1col=7
[uruom][INFO][23-03-31][com.service.impl.AdminServiceImpl]row=0col=7
[uruom][INFO][23-03-31][com.service.impl.AdminServiceImpl]row=10col=12
[uruom][INFO][23-03-31][com.service.impl.AdminServiceImpl]row=12col=8
[uruom][INFO][23-03-31][com.service.impl.AdminServiceImpl]row=9col=3
[uruom][INFO][23-03-31][com.service.impl.AdminServiceImpl]row=10col=4
[uruom][INFO][23-03-31][com.service.impl.AdminServiceImpl]row=11col=3
[uruom][INFO][23-03-31][com.service.impl.AdminServiceImpl]row=10col=4
[uruom][INFO][23-03-31][com.service.impl.AdminServiceImpl]row=10col=4
[uruom][INFO][23-03-31][com.service.impl.AdminServiceImpl]row=10col=4
[uruom][INFO][23-03-31][com.service.impl.AdminServiceImpl]row=10col=4
[uruom][INFO][23-03-31][com.service.impl.AdminServiceImpl]row=10col=4
[uruom][INFO][23-03-31][com.service.impl.AdminServiceImpl]row=10col=4
[uruom][INFO][23-03-31][com.service.impl.AdminServiceImpl]row=10col=4
[uruom][INFO][23-03-31][com.service.impl.AdminServiceImpl]row=10col=4
[uruom][INFO][23-03-31][com.service.impl.AdminServiceImpl]row=10col=4
[uruom][INFO][23-03-31][com.service.impl.AdminServiceImpl]row=0col=0
[uruom][INFO][23-03-31][com.service.impl.AdminServiceImpl]row=0col=1
[uruom][INFO][23-03-31][com.service.impl.AdminServiceImpl]row=1col=1
[uruom][INFO][23-03-31][com.service.impl.AdminServiceImpl]row=1col=0
[uruom][INFO][23-03-31][com.service.impl.AdminServiceImpl]row=2col=0
[uruom][INFO][23-03-31][com.service.impl.AdminServiceImpl]row=2col=1
[uruom][INFO][23-03-31][com.service.impl.AdminServiceImpl]row=3col=1
[uruom][INFO][23-03-31][com.service.impl.AdminServiceImpl]row=2col=2
[uruom][INFO][23-03-31][com.service.impl.AdminServiceImpl]row=1col=2
[uruom][INFO][23-03-31][com.service.impl.AdminServiceImpl]row=3col=2
[uruom][INFO][23-03-31][com.service.impl.AdminServiceImpl]row=3col=3
[uruom][INFO][23-03-31][com.service.impl.AdminServiceImpl]row=0col=2
[uruom][INFO][23-03-31][com.service.impl.AdminServiceImpl]row=1col=5
[uruom][INFO][23-03-31][com.service.impl.AdminServiceImpl]row=1col=6
[uruom][INFO][23-03-31][com.service.impl.AdminServiceImpl]row=2col=5
[uruom][INFO][23-03-31][com.service.impl.AdminServiceImpl]row=2col=6
[uruom][INFO][23-03-31][com.service.impl.AdminServiceImpl]row=3col=5
[uruom][INFO][23-03-31][com.service.impl.AdminServiceImpl]row=3col=6
[uruom][INFO][23-03-31][com.service.impl.AdminServiceImpl]row=4col=5
[uruom][INFO][23-03-31][com.service.impl.AdminServiceImpl]row=4col=6
[uruom][INFO][23-03-31][com.Util.PlayerUtil]finished
[uruom][INFO][23-03-31][com.service.impl.AdminServiceImpl]row=5col=5
[uruom][INFO][23-03-31][com.Util.PlayerUtil]finished
[uruom][INFO][23-03-31][com.service.impl.AdminServiceImpl]row=5col=6
[uruom][INFO][23-03-31][com.Util.PlayerUtil]finished
[uruom][INFO][23-03-31][com.service.impl.AdminServiceImpl]row=3col=10
[uruom][INFO][23-03-31][com.Util.PlayerUtil]finished
[uruom][INFO][23-03-31][com.service.impl.AdminServiceImpl]row=3col=13
[uruom][INFO][23-03-31][com.Util.PlayerUtil]finished
[uruom][INFO][23-03-31][com.service.impl.AdminServiceImpl]row=4col=11
[uruom][INFO][23-03-31][com.Util.PlayerUtil]finished
[uruom][INFO][23-03-31][com.service.impl.AdminServiceImpl]row=4col=12
[uruom][INFO][23-03-31][com.Util.PlayerUtil]finished
[uruom][INFO][23-03-31][com.service.impl.AdminServiceImpl]row=5col=12
[uruom][INFO][23-03-31][com.Util.PlayerUtil]finished
[uruom][INFO][23-03-31][com.service.impl.AdminServiceImpl]row=5col=11
[uruom][INFO][23-03-31][com.Util.PlayerUtil]finished
[uruom][INFO][23-03-31][com.service.impl.AdminServiceImpl]row=6col=13
[uruom][INFO][23-03-31][com.Util.PlayerUtil]finished
[uruom][INFO][23-03-31][com.service.impl.AdminServiceImpl]row=6col=10
[uruom][INFO][23-03-31][com.Util.PlayerUtil]finished
[uruom][INFO][23-03-31][com.service.impl.AdminServiceImpl]row=7col=14
[uruom][INFO][23-03-31][com.Util.PlayerUtil]finished
[uruom][INFO][23-03-31][com.service.impl.AdminServiceImpl]row=7col=9
[uruom][INFO][23-03-31][com.service.impl.AdminServiceImpl]row=3col=10
[uruom][INFO][23-03-31][com.service.impl.AdminServiceImpl]row=4col=10
[uruom][INFO][23-03-31][com.service.impl.AdminServiceImpl]row=4col=9
[uruom][INFO][23-03-31][com.service.impl.AdminServiceImpl]row=3col=9
[uruom][INFO][23-03-31][com.service.impl.AdminServiceImpl]row=5col=8
[uruom][INFO][23-03-31][com.service.impl.AdminServiceImpl]row=5col=11
[uruom][INFO][23-03-31][com.service.impl.AdminServiceImpl]row=2col=8
[uruom][INFO][23-03-31][com.service.impl.AdminServiceImpl]row=6col=7
[uruom][INFO][23-03-31][com.service.impl.AdminServiceImpl]row=5col=10
[uruom][INFO][23-03-31][com.service.impl.AdminServiceImpl]row=3col=8
[uruom][INFO][23-03-31][com.service.impl.AdminServiceImpl]row=7col=12
[uruom][INFO][23-03-31][com.service.impl.AdminServiceImpl]row=7col=11
[uruom][INFO][23-03-31][com.service.impl.AdminServiceImpl]row=8col=13
[uruom][INFO][23-03-31][com.service.impl.AdminServiceImpl]row=9col=14
[uruom][INFO][23-03-31][com.Util.PlayerUtil]finished
[uruom][INFO][23-03-31][com.service.impl.AdminServiceImpl]row=6col=11
[uruom][INFO][23-03-31][com.service.impl.AdminServiceImpl]row=6col=8
[uruom][INFO][23-03-31][com.service.impl.AdminServiceImpl]row=7col=9
[uruom][INFO][23-03-31][com.service.impl.AdminServiceImpl]row=7col=8
[uruom][INFO][23-03-31][com.service.impl.AdminServiceImpl]row=8col=8
[uruom][INFO][23-03-31][com.service.impl.AdminServiceImpl]row=5col=8
[uruom][INFO][23-03-31][com.service.impl.AdminServiceImpl]row=4col=9
[uruom][INFO][23-03-31][com.service.impl.AdminServiceImpl]row=4col=8
[uruom][INFO][23-03-31][com.service.impl.AdminServiceImpl]row=3col=8
[uruom][INFO][23-03-31][com.service.impl.AdminServiceImpl]row=5col=9
[uruom][INFO][23-03-31][com.service.impl.AdminServiceImpl]row=6col=10
[uruom][INFO][23-03-31][com.service.impl.AdminServiceImpl]row=5col=10
[uruom][INFO][23-03-31][com.service.impl.AdminServiceImpl]row=5col=11
[uruom][INFO][23-03-31][com.service.impl.AdminServiceImpl]row=4col=12
[uruom][INFO][23-03-31][com.service.impl.AdminServiceImpl]row=9col=7
[uruom][INFO][23-03-31][com.service.impl.AdminServiceImpl]row=10col=6
[uruom][INFO][23-03-31][com.service.impl.AdminServiceImpl]row=9col=6
[uruom][INFO][23-03-31][com.service.impl.AdminServiceImpl]row=9col=8
[uruom][INFO][23-03-31][com.service.impl.AdminServiceImpl]row=8col=7
[uruom][INFO][23-03-31][com.service.impl.AdminServiceImpl]row=8col=9
[uruom][INFO][23-03-31][com.service.impl.AdminServiceImpl]row=9col=5
[uruom][INFO][23-03-31][com.service.impl.AdminServiceImpl]row=10col=5
[uruom][INFO][23-03-31][com.service.impl.AdminServiceImpl]row=9col=4
[uruom][INFO][23-03-31][com.service.impl.AdminServiceImpl]row=8col=5
[uruom][INFO][23-03-31][com.Util.PlayerUtil]finished
[uruom][INFO][23-03-31][com.service.impl.AdminServiceImpl]row=9col=3
[uruom][INFO][23-03-31][com.service.impl.AdminServiceImpl]row=3col=3
[uruom][INFO][23-03-31][com.service.impl.AdminServiceImpl]row=3col=4
[uruom][INFO][23-03-31][com.service.impl.AdminServiceImpl]row=3col=2
[uruom][INFO][23-03-31][com.service.impl.AdminServiceImpl]row=4col=3
[uruom][INFO][23-03-31][com.service.impl.AdminServiceImpl]row=4col=2
[uruom][INFO][23-03-31][com.service.impl.AdminServiceImpl]row=5col=2
[uruom][INFO][23-03-31][com.service.impl.AdminServiceImpl]row=5col=1
[uruom][INFO][23-03-31][com.service.impl.AdminServiceImpl]row=6col=1
[uruom][INFO][23-03-31][com.service.impl.AdminServiceImpl]row=2col=4
[uruom][INFO][23-03-31][com.Util.PlayerUtil]finished
[uruom][INFO][23-03-31][com.service.impl.AdminServiceImpl]row=2col=5
[uruom][INFO][23-03-31][com.service.impl.AdminServiceImpl]row=2col=4
[uruom][INFO][23-03-31][com.service.impl.AdminServiceImpl]row=2col=5
[uruom][INFO][23-03-31][com.service.impl.AdminServiceImpl]row=3col=5
[uruom][INFO][23-03-31][com.service.impl.AdminServiceImpl]row=2col=6
[uruom][INFO][23-03-31][com.service.impl.AdminServiceImpl]row=2col=7
[uruom][INFO][23-03-31][com.service.impl.AdminServiceImpl]row=1col=8
[uruom][INFO][23-03-31][com.service.impl.AdminServiceImpl]row=2col=8
[uruom][INFO][23-03-31][com.service.impl.AdminServiceImpl]row=1col=7
[uruom][INFO][23-03-31][com.service.impl.AdminServiceImpl]row=3col=9
[uruom][INFO][23-03-31][com.service.impl.AdminServiceImpl]row=4col=4
[uruom][INFO][23-03-31][com.service.impl.AdminServiceImpl]row=4col=6
[uruom][INFO][23-03-31][com.service.impl.AdminServiceImpl]row=5col=7
[uruom][INFO][23-03-31][com.service.impl.AdminServiceImpl]row=1col=3
[uruom][INFO][23-03-31][com.service.impl.AdminServiceImpl]row=2col=2
[uruom][INFO][23-03-31][com.Util.PlayerUtil]finished
[uruom][INFO][23-03-31][com.service.impl.AdminServiceImpl]row=0col=2
[uruom][INFO][23-03-31][com.service.impl.AdminServiceImpl]row=7col=10
[uruom][INFO][23-03-31][com.service.impl.AdminServiceImpl]row=6col=13
[uruom][INFO][23-03-31][com.service.impl.AdminServiceImpl]row=7col=9
[uruom][INFO][23-03-31][com.service.impl.AdminServiceImpl]row=6col=13
[uruom][INFO][23-03-31][com.service.impl.AdminServiceImpl]row=6col=11
[uruom][INFO][23-03-31][com.service.impl.AdminServiceImpl]row=6col=10
[uruom][INFO][23-03-31][com.service.impl.AdminServiceImpl]row=7col=10
[uruom][INFO][23-03-31][com.service.impl.AdminServiceImpl]row=6col=9
[uruom][INFO][23-03-31][com.service.impl.AdminServiceImpl]row=5col=12
[uruom][INFO][23-03-31][com.service.impl.AdminServiceImpl]row=6col=12
[uruom][INFO][23-03-31][com.service.impl.AdminServiceImpl]row=8col=9
[uruom][INFO][23-03-31][com.service.impl.AdminServiceImpl]row=9col=8
[uruom][INFO][23-03-31][com.Util.PlayerUtil]finished
[uruom][INFO][23-03-31][com.service.impl.AdminServiceImpl]row=4col=13
[uruom][INFO][23-03-31][com.service.impl.AdminServiceImpl]row=7col=9
[uruom][INFO][23-03-31][com.service.impl.AdminServiceImpl]row=2col=15
[uruom][INFO][23-03-31][com.service.impl.AdminServiceImpl]row=3col=15
[uruom][INFO][23-03-31][com.service.impl.AdminServiceImpl]row=3col=14
[uruom][INFO][23-03-31][com.service.impl.AdminServiceImpl]row=4col=13
[uruom][INFO][23-03-31][com.service.impl.AdminServiceImpl]row=4col=14
[uruom][INFO][23-03-31][com.service.impl.AdminServiceImpl]row=2col=14
[uruom][INFO][23-03-31][com.service.impl.AdminServiceImpl]row=1col=13
[uruom][INFO][23-03-31][com.service.impl.AdminServiceImpl]row=3col=13
[uruom][INFO][23-03-31][com.service.impl.AdminServiceImpl]row=4col=12
[uruom][INFO][23-03-31][com.service.impl.AdminServiceImpl]row=5col=13
[uruom][INFO][23-03-31][com.service.impl.AdminServiceImpl]row=6col=13
[uruom][INFO][23-03-31][com.service.impl.AdminServiceImpl]row=5col=14
[uruom][INFO][23-03-31][com.service.impl.AdminServiceImpl]row=5col=12
[uruom][INFO][23-03-31][com.service.impl.AdminServiceImpl]row=3col=12
[uruom][INFO][23-03-31][com.service.impl.AdminServiceImpl]row=6col=15
[uruom][INFO][23-03-31][com.service.impl.AdminServiceImpl]row=2col=11
[uruom][INFO][23-03-31][com.service.impl.AdminServiceImpl]row=1col=10
[uruom][INFO][23-03-31][com.service.impl.AdminServiceImpl]row=1col=12
[uruom][INFO][23-03-31][com.service.impl.AdminServiceImpl]row=3col=10
[uruom][INFO][23-03-31][com.service.impl.AdminServiceImpl]row=4col=11
[uruom][INFO][23-03-31][com.service.impl.AdminServiceImpl]row=6col=14
[uruom][INFO][23-03-31][com.service.impl.AdminServiceImpl]row=6col=12
[uruom][INFO][23-03-31][com.service.impl.AdminServiceImpl]row=6col=16
[uruom][INFO][23-04-01][com.service.impl.AdminServiceImpl]row=7col=12
[uruom][INFO][23-04-01][com.service.impl.AdminServiceImpl]row=8col=13
[uruom][INFO][23-04-01][com.service.impl.AdminServiceImpl]row=9col=12
[uruom][INFO][23-04-01][com.service.impl.AdminServiceImpl]row=9col=13
[uruom][INFO][23-04-01][com.service.impl.AdminServiceImpl]row=9col=14
[uruom][INFO][23-04-01][com.service.impl.AdminServiceImpl]row=7col=12
[uruom][INFO][23-04-01][com.service.impl.AdminServiceImpl]row=7col=13
[uruom][INFO][23-04-01][com.service.impl.AdminServiceImpl]row=8col=13
[uruom][INFO][23-04-01][com.service.impl.AdminServiceImpl]row=8col=14
[uruom][INFO][23-04-01][com.service.impl.AdminServiceImpl]row=9col=14
[uruom][INFO][23-04-01][com.service.impl.AdminServiceImpl]row=9col=13
[uruom][INFO][23-04-01][com.service.impl.AdminServiceImpl]row=10col=15
[uruom][INFO][23-04-01][com.service.impl.AdminServiceImpl]row=9col=16
[uruom][INFO][23-04-01][com.Util.PlayerUtil]finished
[uruom][INFO][23-04-01][com.service.impl.AdminServiceImpl]row=7col=13
[uruom][INFO][23-04-01][com.service.impl.AdminServiceImpl]row=8col=12
[uruom][INFO][23-04-01][com.service.impl.AdminServiceImpl]row=8col=13
[uruom][INFO][23-04-01][com.service.impl.AdminServiceImpl]row=9col=14
[uruom][INFO][23-04-01][com.service.impl.AdminServiceImpl]row=9col=13
[uruom][INFO][23-04-01][com.service.impl.AdminServiceImpl]row=10col=12
[uruom][INFO][23-04-01][com.service.impl.AdminServiceImpl]row=10col=13
[uruom][INFO][23-04-01][com.service.impl.AdminServiceImpl]row=10col=14
[uruom][INFO][23-04-01][com.Util.PlayerUtil]finished
[uruom][INFO][23-04-01][com.service.impl.AdminServiceImpl]row=11col=13
[uruom][INFO][23-04-01][com.Util.PlayerUtil]finished
[uruom][INFO][23-04-01][com.service.impl.AdminServiceImpl]row=11col=14
[uruom][INFO][23-04-01][com.Util.PlayerUtil]finished
[uruom][INFO][23-04-01][com.service.impl.AdminServiceImpl]row=0col=0
[uruom][INFO][23-04-01][com.service.impl.AdminServiceImpl]row=7col=13
[uruom][INFO][23-04-01][com.service.impl.AdminServiceImpl]row=8col=12
[uruom][INFO][23-04-01][com.service.impl.AdminServiceImpl]row=8col=13
[uruom][INFO][23-04-01][com.service.impl.AdminServiceImpl]row=9col=12
[uruom][INFO][23-04-01][com.service.impl.AdminServiceImpl]row=9col=13
[uruom][INFO][23-04-01][com.service.impl.AdminServiceImpl]row=10col=12
[uruom][INFO][23-04-01][com.service.impl.AdminServiceImpl]row=10col=13
[uruom][INFO][23-04-01][com.service.impl.AdminServiceImpl]row=11col=12
[uruom][INFO][23-04-01][com.Util.PlayerUtil]finished
[uruom][INFO][23-04-01][com.service.impl.AdminServiceImpl]row=11col=13
[uruom][INFO][23-04-01][com.service.impl.AdminServiceImpl]row=8col=13
[uruom][INFO][23-04-01][com.service.impl.AdminServiceImpl]row=8col=14
[uruom][INFO][23-04-01][com.service.impl.AdminServiceImpl]row=9col=14
[uruom][INFO][23-04-01][com.service.impl.AdminServiceImpl]row=9col=13
[uruom][INFO][23-04-01][com.service.impl.AdminServiceImpl]row=10col=12
[uruom][INFO][23-04-01][com.service.impl.AdminServiceImpl]row=10col=13
[uruom][INFO][23-04-01][com.service.impl.AdminServiceImpl]row=7col=12
[uruom][INFO][23-04-01][com.service.impl.AdminServiceImpl]row=7col=13
[uruom][INFO][23-04-01][com.service.impl.AdminServiceImpl]row=10col=15
[uruom][INFO][23-04-01][com.service.impl.AdminServiceImpl]row=11col=14
[uruom][INFO][23-04-01][com.Util.PlayerUtil]finished
[uruom][INFO][23-04-01][com.service.impl.AdminServiceImpl]row=11col=16
[uruom][INFO][23-04-01][com.service.impl.AdminServiceImpl]row=12col=11
[uruom][INFO][23-04-01][com.service.impl.AdminServiceImpl]row=11col=12
[uruom][INFO][23-04-01][com.service.impl.AdminServiceImpl]row=12col=12
[uruom][INFO][23-04-01][com.service.impl.AdminServiceImpl]row=12col=13
[uruom][INFO][23-04-01][com.service.impl.AdminServiceImpl]row=13col=12
[uruom][INFO][23-04-01][com.service.impl.AdminServiceImpl]row=13col=13
[uruom][INFO][23-04-01][com.service.impl.AdminServiceImpl]row=14col=13
[uruom][INFO][23-04-01][com.service.impl.AdminServiceImpl]row=11col=13
[uruom][INFO][23-04-01][com.service.impl.AdminServiceImpl]row=11col=11
[uruom][INFO][23-04-01][com.service.impl.AdminServiceImpl]row=10col=13
[uruom][INFO][23-04-01][com.service.impl.AdminServiceImpl]row=10col=14
[uruom][INFO][23-04-01][com.Util.PlayerUtil]finished
[uruom][INFO][23-04-01][com.service.impl.AdminServiceImpl]row=9col=13
[uruom][INFO][23-04-01][com.service.impl.AdminServiceImpl]row=0col=0
[uruom][INFO][23-04-01][com.service.impl.AdminServiceImpl]row=1col=0
[uruom][INFO][23-04-01][com.service.impl.AdminServiceImpl]row=2col=0
[uruom][INFO][23-04-01][com.service.impl.AdminServiceImpl]row=3col=0
[uruom][INFO][23-04-01][com.service.impl.AdminServiceImpl]row=4col=0
[uruom][INFO][23-04-01][com.service.impl.AdminServiceImpl]row=5col=0
[uruom][INFO][23-04-01][com.service.impl.AdminServiceImpl]row=6col=0
[uruom][INFO][23-04-01][com.service.impl.AdminServiceImpl]row=7col=0
[uruom][INFO][23-04-01][com.service.impl.AdminServiceImpl]row=8col=0
[uruom][INFO][23-04-01][com.service.impl.AdminServiceImpl]row=9col=0
[uruom][INFO][23-04-01][com.service.impl.AdminServiceImpl]row=10col=0
[uruom][INFO][23-04-01][com.service.impl.AdminServiceImpl]row=11col=0
[uruom][INFO][23-04-01][com.service.impl.AdminServiceImpl]row=12col=0
[uruom][INFO][23-04-01][com.service.impl.AdminServiceImpl]row=13col=0
[uruom][INFO][23-04-01][com.service.impl.AdminServiceImpl]row=14col=0
[uruom][INFO][23-04-01][com.service.impl.AdminServiceImpl]row=15col=0
[uruom][INFO][23-04-01][com.service.impl.AdminServiceImpl]row=16col=0
[uruom][INFO][23-04-01][com.service.impl.AdminServiceImpl]row=17col=0
[uruom][INFO][23-04-01][com.service.impl.AdminServiceImpl]row=18col=0
[uruom][INFO][23-04-01][com.service.impl.AdminServiceImpl]row=19col=0
